{"numFailedTestSuites":0,"numFailedTests":0,"numPassedTestSuites":1,"numPassedTests":1,"numPendingTestSuites":0,"numPendingTests":0,"numRuntimeErrorTestSuites":0,"numTotalTestSuites":1,"numTotalTests":1,"openHandles":[],"snapshot":{"added":0,"didUpdate":false,"failure":false,"filesAdded":0,"filesRemoved":0,"filesUnmatched":0,"filesUpdated":0,"matched":0,"total":0,"unchecked":0,"uncheckedKeysByFile":[],"unmatched":0,"updated":0},"startTime":1531220262151,"success":true,"testResults":[{"console":null,"failureMessage":null,"numFailingTests":0,"numPassingTests":1,"numPendingTests":0,"perfStats":{"end":1531220264753,"start":1531220262177},"snapshot":{"added":0,"fileDeleted":false,"matched":0,"unchecked":0,"unmatched":0,"updated":0,"uncheckedKeys":[]},"testFilePath":"E:\\V17\\Prototypes\\Individual\\Andy Ainsworth\\Kata\\JavaScript\\Jest\\es6\\kata-es6-macro-processor\\src\\macro.test.js","testResults":[{"ancestorTitles":["A macro processor"],"duration":2,"failureMessages":[],"fullName":"A macro processor will replace \"celebration\" with \"birthday\"","location":null,"numPassingAsserts":0,"status":"passed","title":"will replace \"celebration\" with \"birthday\""}],"sourceMaps":{},"skipped":false,"leaks":false}],"wasInterrupted":false}