{"numFailedTestSuites":0,"numFailedTests":0,"numPassedTestSuites":1,"numPassedTests":3,"numPendingTestSuites":0,"numPendingTests":0,"numRuntimeErrorTestSuites":0,"numTotalTestSuites":1,"numTotalTests":3,"openHandles":[],"snapshot":{"added":0,"didUpdate":false,"failure":false,"filesAdded":0,"filesRemoved":0,"filesUnmatched":0,"filesUpdated":0,"matched":0,"total":0,"unchecked":0,"uncheckedKeysByFile":[],"unmatched":0,"updated":0},"startTime":1531229172526,"success":true,"testResults":[{"console":null,"failureMessage":null,"numFailingTests":0,"numPassingTests":3,"numPendingTests":0,"perfStats":{"end":1531229175119,"start":1531229172561},"snapshot":{"added":0,"fileDeleted":false,"matched":0,"unchecked":0,"unmatched":0,"updated":0,"uncheckedKeys":[]},"testFilePath":"E:\\V17\\Prototypes\\Individual\\Andy Ainsworth\\Kata\\JavaScript\\Jest\\es6\\kata-es6-macro-processor\\src\\macro.test.js","testResults":[{"ancestorTitles":["A macro processor"],"duration":6,"failureMessages":[],"fullName":"A macro processor will replace \"celebration\" with \"birthday\"","location":null,"numPassingAsserts":0,"status":"passed","title":"will replace \"celebration\" with \"birthday\""},{"ancestorTitles":["A macro processor"],"duration":2,"failureMessages":[],"fullName":"A macro processor will replace \"Happy celebration, name\" with \"Happy birthday Wilma\"","location":null,"numPassingAsserts":0,"status":"passed","title":"will replace \"Happy celebration, name\" with \"Happy birthday Wilma\""},{"ancestorTitles":["A macro processor"],"duration":2,"failureMessages":[],"fullName":"A macro processor updates the observer with the results of the subjects replace function","location":null,"numPassingAsserts":0,"status":"passed","title":"updates the observer with the results of the subjects replace function"}],"sourceMaps":{},"skipped":false,"leaks":false}],"wasInterrupted":false}